<?xml version="1.0" encoding="UTF-8"?>
<testng-results ignored="0" total="1" passed="1" failed="0" skipped="0">
  <reporter-output>
  </reporter-output>
  <suite started-at="2024-03-27T12:32:39 IST" name="Default suite" finished-at="2024-03-27T12:32:44 IST" duration-ms="4279">
    <groups>
    </groups>
    <test started-at="2024-03-27T12:32:39 IST" name="Default test" finished-at="2024-03-27T12:32:44 IST" duration-ms="4279">
      <class name="Assignment1">
        <test-method signature="assignmentTest()[pri:0, instance:Assignment1@53fdffa1]" started-at="2024-03-27T12:32:39 IST" name="assignmentTest" finished-at="2024-03-27T12:32:44 IST" duration-ms="4237" status="PASS">
          <reporter-output>
          </reporter-output>
        </test-method> <!-- assignmentTest -->
      </class> <!-- Assignment1 -->
    </test> <!-- Default test -->
  </suite> <!-- Default suite -->
</testng-results>
